Time (s)  Dry mass     Dry mass      Protein          RNA    Small mol     Expected
              (fg)  fold change  fold change  fold change  fold change  fold change
========  ========  ===========  ===========  ===========  ===========  ===========
    0.00    351.18        1.000        1.000        1.000        1.000        1.000
    2.00    351.15        1.000        1.001        1.001        0.999        1.001
    4.00    351.26        1.000        1.001        1.001        0.999        1.001
    6.00    351.37        1.001        1.002        1.002        0.999        1.002
    8.00    351.50        1.001        1.002        1.002        0.999        1.002
   10.00    351.64        1.001        1.003        1.003        0.999        1.003
   12.00    351.79        1.002        1.003        1.003        0.999        1.003
   14.00    351.94        1.002        1.004        1.004        0.999        1.004
   16.00    352.09        1.003        1.004        1.004        1.000        1.004
   18.00    352.24        1.003        1.005        1.005        1.000        1.005
   20.00    352.39        1.003        1.005        1.005        1.000        1.005
   22.00    352.56        1.004        1.006        1.006        1.001        1.006
   24.00    352.72        1.004        1.006        1.006        1.001        1.006
   26.00    352.89        1.005        1.007        1.007        1.001        1.007
   28.00    353.06        1.005        1.007        1.007        1.002        1.007
   30.00    353.23        1.006        1.008        1.008        1.002        1.008
   32.00    353.39        1.006        1.008        1.008        1.003        1.008
   34.00    353.56        1.007        1.009        1.009        1.003        1.009
   36.00    353.74        1.007        1.009        1.009        1.004        1.009
   38.00    353.92        1.008        1.010        1.010        1.004        1.010
   40.00    354.10        1.008        1.010        1.011        1.004        1.011
   42.00    354.27        1.009        1.011        1.011        1.005        1.011
   44.00    354.45        1.009        1.012        1.012        1.005        1.012
   46.00    354.63        1.010        1.012        1.012        1.006        1.012
   48.00    354.81        1.010        1.013        1.013        1.006        1.013
   50.00    354.99        1.011        1.013        1.014        1.007        1.013
   52.00    355.17        1.011        1.014        1.014        1.007        1.014
   54.00    355.35        1.012        1.014        1.015        1.008        1.014
   56.00    355.53        1.012        1.015        1.015        1.008        1.015
   58.00    355.71        1.013        1.015        1.016        1.009        1.015
   60.00    355.88        1.013        1.016        1.016        1.009        1.016
   62.00    356.06        1.014        1.016        1.017        1.010        1.016
   64.00    356.24        1.014        1.017        1.018        1.010        1.017
   66.00    356.42        1.015        1.017        1.018        1.011        1.017
   68.00    356.60        1.015        1.018        1.019        1.011        1.018
   70.00    356.78        1.016        1.018        1.019        1.012        1.019
   72.00    356.96        1.016        1.019        1.020        1.012        1.019
   74.00    357.14        1.017        1.019        1.021        1.013        1.020
   76.00    357.32        1.017        1.020        1.021        1.013        1.020
   78.00    357.50        1.018        1.020        1.022        1.014        1.021
   80.00    357.68        1.018        1.021        1.022        1.014        1.021
   82.00    357.86        1.019        1.021        1.023        1.015        1.022
   84.00    358.03        1.020        1.022        1.023        1.015        1.022
   86.00    358.21        1.020        1.022        1.024        1.016        1.023
   88.00    358.39        1.021        1.023        1.024        1.016        1.023
   90.00    358.57        1.021        1.023        1.025        1.017        1.024
   92.00    358.75        1.022        1.024        1.026        1.017        1.024
   94.00    358.93        1.022        1.024        1.026        1.018        1.025
   96.00    359.11        1.023        1.025        1.027        1.018        1.026
   98.00    359.29        1.023        1.025        1.027        1.019        1.026
========  ========  ===========  ===========  ===========  ===========  ===========
Time (s)  Dry mass     Dry mass      Protein          RNA    Small mol     Expected
              (fg)  fold change  fold change  fold change  fold change  fold change
========  ========  ===========  ===========  ===========  ===========  ===========
  100.00    359.48        1.024        1.026        1.028        1.019        1.027
  102.00    359.66        1.024        1.026        1.029        1.020        1.027
  104.00    359.84        1.025        1.027        1.029        1.020        1.028
  106.00    360.02        1.025        1.027        1.030        1.021        1.028
  108.00    360.20        1.026        1.028        1.030        1.021        1.029
  110.00    360.39        1.026        1.028        1.031        1.022        1.029
  112.00    360.57        1.027        1.029        1.031        1.022        1.030
  114.00    360.75        1.027        1.029        1.032        1.023        1.030
  116.00    360.93        1.028        1.030        1.032        1.023        1.031
  118.00    361.11        1.028        1.030        1.033        1.024        1.031
  120.00    361.29        1.029        1.031        1.034        1.024        1.032
  122.00    361.47        1.029        1.031        1.034        1.025        1.033
  124.00    361.65        1.030        1.032        1.035        1.025        1.033
  126.00    361.84        1.030        1.032        1.035        1.026        1.034
  128.00    362.03        1.031        1.033        1.036        1.026        1.034
  130.00    362.21        1.031        1.033        1.037        1.027        1.035
  132.00    362.39        1.032        1.034        1.037        1.027        1.035
  134.00    362.57        1.032        1.034        1.038        1.028        1.036
  136.00    362.76        1.033        1.035        1.038        1.028        1.036
  138.00    362.95        1.034        1.035        1.039        1.029        1.037
  140.00    363.14        1.034        1.036        1.040        1.029        1.037
  142.00    363.32        1.035        1.036        1.040        1.030        1.038
  144.00    363.51        1.035        1.037        1.041        1.031        1.039
  146.00    363.70        1.036        1.037        1.042        1.031        1.039
  148.00    363.88        1.036        1.038        1.042        1.032        1.040
  150.00    364.07        1.037        1.038        1.043        1.032        1.040
  152.00    364.25        1.037        1.039        1.043        1.033        1.041
  154.00    364.43        1.038        1.039        1.044        1.033        1.041
  156.00    364.62        1.038        1.040        1.044        1.034        1.042
  158.00    364.81        1.039        1.040        1.045        1.034        1.042
  160.00    365.00        1.039        1.041        1.046        1.035        1.043
  162.00    365.19        1.040        1.041        1.046        1.035        1.043
  164.00    365.37        1.040        1.042        1.047        1.036        1.044
  166.00    365.55        1.041        1.042        1.048        1.036        1.045
  168.00    365.73        1.041        1.043        1.048        1.037        1.045
  170.00    365.91        1.042        1.043        1.049        1.037        1.046
  172.00    366.09        1.042        1.044        1.049        1.038        1.046
  174.00    366.27        1.043        1.044        1.050        1.038        1.047
  176.00    366.46        1.044        1.045        1.050        1.039        1.047
  178.00    366.64        1.044        1.045        1.051        1.039        1.048
  180.00    366.83        1.045        1.046        1.052        1.040        1.048
  182.00    367.01        1.045        1.046        1.052        1.041        1.049
  184.00    367.19        1.046        1.047        1.053        1.041        1.049
  186.00    367.37        1.046        1.047        1.053        1.042        1.050
  188.00    367.56        1.047        1.048        1.054        1.042        1.051
  190.00    367.74        1.047        1.048        1.054        1.043        1.051
  192.00    367.93        1.048        1.049        1.055        1.043        1.052
  194.00    368.11        1.048        1.049        1.056        1.044        1.052
  196.00    368.30        1.049        1.050        1.056        1.044        1.053
  198.00    368.48        1.049        1.050        1.057        1.045        1.053
========  ========  ===========  ===========  ===========  ===========  ===========
Time (s)  Dry mass     Dry mass      Protein          RNA    Small mol     Expected
              (fg)  fold change  fold change  fold change  fold change  fold change
========  ========  ===========  ===========  ===========  ===========  ===========
  200.00    368.67        1.050        1.051        1.057        1.045        1.054
  202.00    368.85        1.050        1.051        1.058        1.046        1.054
  204.00    369.03        1.051        1.052        1.059        1.046        1.055
  206.00    369.22        1.051        1.052        1.059        1.047        1.056
  208.00    369.41        1.052        1.053        1.060        1.047        1.056
  210.00    369.60        1.052        1.053        1.060        1.048        1.057
  212.00    369.79        1.053        1.054        1.061        1.048        1.057
  214.00    369.97        1.054        1.054        1.062        1.049        1.058
  216.00    370.17        1.054        1.055        1.062        1.050        1.058
  218.00    370.35        1.055        1.055        1.063        1.050        1.059
  220.00    370.54        1.055        1.056        1.063        1.051        1.059
  222.00    370.72        1.056        1.056        1.064        1.051        1.060
  224.00    370.91        1.056        1.057        1.065        1.052        1.061
  226.00    371.10        1.057        1.057        1.065        1.052        1.061
  228.00    371.28        1.057        1.058        1.066        1.053        1.062
  230.00    371.47        1.058        1.058        1.066        1.053        1.062
  232.00    371.66        1.058        1.059        1.067        1.054        1.063
  234.00    371.85        1.059        1.059        1.068        1.054        1.063
  236.00    372.04        1.059        1.060        1.068        1.055        1.064
  238.00    372.23        1.060        1.060        1.069        1.056        1.064
  240.00    372.41        1.060        1.061        1.069        1.056        1.065
  242.00    372.60        1.061        1.061        1.070        1.057        1.066
  244.00    372.78        1.061        1.062        1.070        1.057        1.066
  246.00    372.97        1.062        1.062        1.071        1.058        1.067
  248.00    373.15        1.063        1.063        1.072        1.058        1.067
  250.00    373.33        1.063        1.063        1.072        1.059        1.068
  252.00    373.52        1.064        1.064        1.073        1.059        1.068
  254.00    373.70        1.064        1.064        1.073        1.060        1.069
  256.00    373.89        1.065        1.065        1.074        1.061        1.070
  258.00    374.08        1.065        1.065        1.074        1.061        1.070
  260.00    374.26        1.066        1.066        1.075        1.062        1.071
  262.00    374.45        1.066        1.066        1.076        1.062        1.071
  264.00    374.64        1.067        1.067        1.076        1.063        1.072
  266.00    374.82        1.067        1.067        1.077        1.063        1.072
  268.00    375.00        1.068        1.068        1.077        1.064        1.073
  270.00    375.19        1.068        1.068        1.078        1.065        1.073
  272.00    375.37        1.069        1.069        1.078        1.065        1.074
  274.00    375.56        1.069        1.069        1.079        1.066        1.075
  276.00    375.74        1.070        1.069        1.079        1.066        1.075
  278.00    375.93        1.070        1.070        1.080        1.067        1.076
  280.00    376.11        1.071        1.070        1.080        1.067        1.076
  282.00    376.28        1.071        1.071        1.081        1.068        1.077
  284.00    376.46        1.072        1.071        1.081        1.068        1.077
  286.00    376.65        1.073        1.072        1.082        1.069        1.078
  288.00    376.83        1.073        1.072        1.082        1.070        1.079
  290.00    377.02        1.074        1.073        1.083        1.070        1.079
  292.00    377.21        1.074        1.073        1.084        1.071        1.080
  294.00    377.39        1.075        1.074        1.084        1.071        1.080
  296.00    377.59        1.075        1.074        1.085        1.072        1.081
  298.00    377.77        1.076        1.075        1.085        1.072        1.081
========  ========  ===========  ===========  ===========  ===========  ===========
Time (s)  Dry mass     Dry mass      Protein          RNA    Small mol     Expected
              (fg)  fold change  fold change  fold change  fold change  fold change
========  ========  ===========  ===========  ===========  ===========  ===========
  300.00    377.96        1.076        1.075        1.086        1.073        1.082
  302.00    378.15        1.077        1.076        1.087        1.074        1.083
  304.00    378.34        1.077        1.076        1.087        1.074        1.083
  306.00    378.53        1.078        1.077        1.088        1.075        1.084
  308.00    378.72        1.078        1.077        1.088        1.075        1.084
  310.00    378.90        1.079        1.078        1.089        1.076        1.085
  312.00    379.09        1.079        1.078        1.090        1.076        1.085
  314.00    379.28        1.080        1.079        1.090        1.077        1.086
  316.00    379.47        1.081        1.079        1.091        1.078        1.087
  318.00    379.66        1.081        1.080        1.091        1.078        1.087
  320.00    379.85        1.082        1.080        1.092        1.079        1.088
  322.00    380.05        1.082        1.081        1.093        1.079        1.088
  324.00    380.24        1.083        1.081        1.093        1.080        1.089
  326.00    380.43        1.083        1.082        1.094        1.080        1.089
  328.00    380.61        1.084        1.082        1.094        1.081        1.090
  330.00    380.80        1.084        1.083        1.095        1.082        1.091
  332.00    380.99        1.085        1.083        1.096        1.082        1.091
  334.00    381.18        1.085        1.084        1.096        1.083        1.092
  336.00    381.37        1.086        1.084        1.097        1.083        1.092
  338.00    381.56        1.086        1.085        1.097        1.084        1.093
  340.00    381.74        1.087        1.085        1.098        1.084        1.093
  342.00    381.93        1.088        1.086        1.099        1.085        1.094
  344.00    382.12        1.088        1.086        1.099        1.086        1.095
  346.00    382.31        1.089        1.087        1.100        1.086        1.095
  348.00    382.50        1.089        1.087        1.100        1.087        1.096
  350.00    382.70        1.090        1.088        1.101        1.087        1.096
  352.00    382.89        1.090        1.088        1.102        1.088        1.097
  354.00    383.08        1.091        1.089        1.102        1.088        1.097
  356.00    383.27        1.091        1.089        1.103        1.089        1.098
  358.00    383.46        1.092        1.090        1.103        1.090        1.099
  360.00    383.65        1.092        1.090        1.104        1.090        1.099
  362.00    383.84        1.093        1.091        1.105        1.091        1.100
  364.00    384.03        1.094        1.091        1.105        1.091        1.100
  366.00    384.23        1.094        1.092        1.106        1.092        1.101
  368.00    384.41        1.095        1.092        1.106        1.092        1.101
  370.00    384.60        1.095        1.093        1.107        1.093        1.102
  372.00    384.79        1.096        1.093        1.108        1.093        1.103
  374.00    384.97        1.096        1.094        1.108        1.094        1.103
  376.00    385.17        1.097        1.094        1.109        1.095        1.104
  378.00    385.35        1.097        1.095        1.109        1.095        1.104
  380.00    385.54        1.098        1.095        1.110        1.096        1.105
  382.00    385.74        1.098        1.096        1.111        1.096        1.105
  384.00    385.93        1.099        1.096        1.111        1.097        1.106
  386.00    386.12        1.099        1.097        1.112        1.097        1.107
  388.00    386.32        1.100        1.097        1.113        1.098        1.107
  390.00    386.51        1.101        1.098        1.113        1.099        1.108
  392.00    386.70        1.101        1.098        1.114        1.099        1.108
  394.00    386.89        1.102        1.099        1.115        1.100        1.109
  396.00    387.08        1.102        1.099        1.115        1.100        1.110
  398.00    387.28        1.103        1.100        1.116        1.101        1.110
========  ========  ===========  ===========  ===========  ===========  ===========
Time (s)  Dry mass     Dry mass      Protein          RNA    Small mol     Expected
              (fg)  fold change  fold change  fold change  fold change  fold change
========  ========  ===========  ===========  ===========  ===========  ===========
  400.00    387.47        1.103        1.100        1.116        1.101        1.111
  402.00    387.66        1.104        1.101        1.117        1.102        1.111
  404.00    387.85        1.104        1.101        1.118        1.102        1.112
  406.00    388.04        1.105        1.102        1.118        1.103        1.112
  408.00    388.24        1.106        1.102        1.119        1.104        1.113
  410.00    388.43        1.106        1.103        1.119        1.104        1.114
  412.00    388.62        1.107        1.103        1.120        1.105        1.114
  414.00    388.82        1.107        1.104        1.121        1.105        1.115
  416.00    389.00        1.108        1.104        1.121        1.106        1.115
  418.00    389.20        1.108        1.105        1.122        1.106        1.116
  420.00    389.39        1.109        1.105        1.123        1.107        1.117
  422.00    389.58        1.109        1.106        1.123        1.107        1.117
  424.00    389.77        1.110        1.106        1.124        1.108        1.118
  426.00    389.96        1.110        1.107        1.124        1.109        1.118
  428.00    390.16        1.111        1.107        1.125        1.109        1.119
  430.00    390.35        1.112        1.108        1.126        1.110        1.120
  432.00    390.55        1.112        1.108        1.126        1.110        1.120
  434.00    390.75        1.113        1.109        1.127        1.111        1.121
  436.00    390.94        1.113        1.110        1.128        1.111        1.121
  438.00    391.13        1.114        1.110        1.128        1.112        1.122
  440.00    391.33        1.114        1.111        1.129        1.112        1.122
  442.00    391.52        1.115        1.111        1.130        1.113        1.123
  444.00    391.71        1.115        1.112        1.130        1.114        1.124
  446.00    391.90        1.116        1.112        1.131        1.114        1.124
  448.00    392.10        1.117        1.113        1.131        1.115        1.125
  450.00    392.29        1.117        1.113        1.132        1.115        1.125
  452.00    392.48        1.118        1.114        1.133        1.116        1.126
  454.00    392.67        1.118        1.114        1.133        1.116        1.127
  456.00    392.86        1.119        1.115        1.134        1.117        1.127
  458.00    393.06        1.119        1.115        1.134        1.117        1.128
  460.00    393.25        1.120        1.116        1.135        1.118        1.128
  462.00    393.44        1.120        1.116        1.136        1.118        1.129
  464.00    393.62        1.121        1.117        1.136        1.119        1.130
  466.00    393.81        1.121        1.117        1.137        1.119        1.130
  468.00    394.01        1.122        1.118        1.137        1.120        1.131
  470.00    394.20        1.122        1.118        1.138        1.121        1.131
  472.00    394.39        1.123        1.119        1.139        1.121        1.132
  474.00    394.58        1.124        1.120        1.139        1.122        1.133
  476.00    394.78        1.124        1.120        1.140        1.122        1.133
  478.00    394.97        1.125        1.121        1.140        1.123        1.134
  480.00    395.16        1.125        1.121        1.141        1.123        1.134
  482.00    395.35        1.126        1.122        1.142        1.124        1.135
  484.00    395.54        1.126        1.122        1.142        1.124        1.136
  486.00    395.74        1.127        1.123        1.143        1.125        1.136
  488.00    395.93        1.127        1.123        1.143        1.125        1.137
  490.00    396.12        1.128        1.124        1.144        1.126        1.137
  492.00    396.32        1.129        1.124        1.145        1.127        1.138
  494.00    396.51        1.129        1.125        1.145        1.127        1.138
  496.00    396.70        1.130        1.125        1.146        1.128        1.139
  498.00    396.90        1.130        1.126        1.146        1.128        1.140
========  ========  ===========  ===========  ===========  ===========  ===========
Time (s)  Dry mass     Dry mass      Protein          RNA    Small mol     Expected
              (fg)  fold change  fold change  fold change  fold change  fold change
========  ========  ===========  ===========  ===========  ===========  ===========
  500.00    397.09        1.131        1.126        1.147        1.129        1.140
  502.00    397.28        1.131        1.127        1.148        1.129        1.141
  504.00    397.48        1.132        1.128        1.148        1.130        1.141
  506.00    397.67        1.132        1.128        1.149        1.130        1.142
  508.00    397.86        1.133        1.129        1.150        1.131        1.143
  510.00    398.06        1.133        1.129        1.150        1.131        1.143
  512.00    398.25        1.134        1.130        1.151        1.132        1.144
  514.00    398.44        1.135        1.130        1.151        1.132        1.144
  516.00    398.63        1.135        1.131        1.152        1.133        1.145
  518.00    398.82        1.136        1.131        1.152        1.133        1.146
  520.00    399.01        1.136        1.132        1.153        1.134        1.146
  522.00    399.21        1.137        1.132        1.154        1.135        1.147
  524.00    399.40        1.137        1.133        1.154        1.135        1.147
  526.00    399.59        1.138        1.134        1.155        1.136        1.148
  528.00    399.78        1.138        1.134        1.155        1.136        1.149
  530.00    399.98        1.139        1.135        1.156        1.137        1.149
  532.00    400.18        1.140        1.135        1.157        1.137        1.150
  534.00    400.37        1.140        1.136        1.157        1.138        1.151
  536.00    400.56        1.141        1.136        1.158        1.138        1.151
  538.00    400.75        1.141        1.137        1.158        1.139        1.152
  540.00    400.95        1.142        1.137        1.159        1.139        1.152
  542.00    401.15        1.142        1.138        1.160        1.140        1.153
  544.00    401.34        1.143        1.138        1.160        1.141        1.154
  546.00    401.54        1.143        1.139        1.161        1.141        1.154
  548.00    401.74        1.144        1.140        1.162        1.142        1.155
  550.00    401.94        1.145        1.140        1.162        1.142        1.155
  552.00    402.13        1.145        1.141        1.163        1.143        1.156
  554.00    402.33        1.146        1.141        1.163        1.143        1.157
  556.00    402.53        1.146        1.142        1.164        1.144        1.157
  558.00    402.73        1.147        1.142        1.165        1.144        1.158
  560.00    402.92        1.147        1.143        1.165        1.145        1.158
  562.00    403.12        1.148        1.143        1.166        1.145        1.159
  564.00    403.31        1.148        1.144        1.167        1.146        1.160
  566.00    403.51        1.149        1.145        1.167        1.146        1.160
  568.00    403.71        1.150        1.145        1.168        1.147        1.161
  570.00    403.91        1.150        1.146        1.168        1.148        1.161
  572.00    404.10        1.151        1.146        1.169        1.148        1.162
  574.00    404.30        1.151        1.147        1.170        1.149        1.163
  576.00    404.50        1.152        1.147        1.170        1.149        1.163
  578.00    404.70        1.152        1.148        1.171        1.150        1.164
  580.00    404.90        1.153        1.148        1.172        1.150        1.164
  582.00    405.11        1.154        1.149        1.172        1.151        1.165
  584.00    405.31        1.154        1.150        1.173        1.151        1.166
  586.00    405.51        1.155        1.150        1.174        1.152        1.166
  588.00    405.72        1.155        1.151        1.174        1.153        1.167
  590.00    405.91        1.156        1.151        1.175        1.153        1.168
  592.00    406.11        1.156        1.152        1.176        1.154        1.168
  594.00    406.31        1.157        1.152        1.176        1.154        1.169
  596.00    406.51        1.158        1.153        1.177        1.155        1.169
  598.00    406.70        1.158        1.153        1.178        1.155        1.170
========  ========  ===========  ===========  ===========  ===========  ===========
Time (s)  Dry mass     Dry mass      Protein          RNA    Small mol     Expected
              (fg)  fold change  fold change  fold change  fold change  fold change
========  ========  ===========  ===========  ===========  ===========  ===========
  600.00    406.90        1.159        1.154        1.178        1.156        1.171
  602.00    407.12        1.159        1.155        1.179        1.157        1.171
  604.00    407.32        1.160        1.155        1.179        1.157        1.172
  606.00    407.51        1.160        1.156        1.180        1.158        1.172
  608.00    407.72        1.161        1.156        1.181        1.158        1.173
  610.00    407.91        1.162        1.157        1.181        1.159        1.174
  612.00    408.11        1.162        1.157        1.182        1.159        1.174
  614.00    408.31        1.163        1.158        1.182        1.160        1.175
  616.00    408.50        1.163        1.158        1.183        1.160        1.176
  618.00    408.71        1.164        1.159        1.184        1.161        1.176
  620.00    408.91        1.164        1.160        1.184        1.162        1.177
  622.00    409.10        1.165        1.160        1.185        1.162        1.177
  624.00    409.31        1.166        1.161        1.186        1.163        1.178
  626.00    409.51        1.166        1.161        1.186        1.163        1.179
  628.00    409.71        1.167        1.162        1.187        1.164        1.179
  630.00    409.91        1.167        1.162        1.188        1.164        1.180
  632.00    410.11        1.168        1.163        1.188        1.165        1.180
  634.00    410.32        1.168        1.163        1.189        1.166        1.181
  636.00    410.52        1.169        1.164        1.190        1.166        1.182
  638.00    410.72        1.170        1.165        1.190        1.167        1.182
  640.00    410.92        1.170        1.165        1.191        1.167        1.183
  642.00    411.12        1.171        1.166        1.192        1.168        1.184
  644.00    411.32        1.171        1.166        1.192        1.168        1.184
  646.00    411.52        1.172        1.167        1.193        1.169        1.185
  648.00    411.72        1.172        1.167        1.193        1.169        1.185
  650.00    411.92        1.173        1.168        1.194        1.170        1.186
  652.00    412.13        1.174        1.168        1.195        1.171        1.187
  654.00    412.33        1.174        1.169        1.195        1.171        1.187
  656.00    412.53        1.175        1.170        1.196        1.172        1.188
  658.00    412.73        1.175        1.170        1.197        1.172        1.189
  660.00    412.93        1.176        1.171        1.197        1.173        1.189
  662.00    413.13        1.176        1.171        1.198        1.173        1.190
  664.00    413.33        1.177        1.172        1.198        1.174        1.190
  666.00    413.53        1.178        1.172        1.199        1.175        1.191
  668.00    413.73        1.178        1.173        1.200        1.175        1.192
  670.00    413.93        1.179        1.174        1.200        1.176        1.192
  672.00    414.13        1.179        1.174        1.201        1.176        1.193
  674.00    414.33        1.180        1.175        1.202        1.177        1.194
  676.00    414.54        1.180        1.175        1.202        1.177        1.194
  678.00    414.74        1.181        1.176        1.203        1.178        1.195
  680.00    414.95        1.182        1.176        1.204        1.178        1.195
  682.00    415.15        1.182        1.177        1.204        1.179        1.196
  684.00    415.35        1.183        1.178        1.205        1.180        1.197
  686.00    415.56        1.183        1.178        1.205        1.180        1.197
  688.00    415.76        1.184        1.179        1.206        1.181        1.198
  690.00    415.97        1.184        1.179        1.207        1.181        1.199
  692.00    416.17        1.185        1.180        1.207        1.182        1.199
  694.00    416.38        1.186        1.180        1.208        1.182        1.200
  696.00    416.58        1.186        1.181        1.209        1.183        1.201
  698.00    416.78        1.187        1.182        1.209        1.184        1.201
========  ========  ===========  ===========  ===========  ===========  ===========
Time (s)  Dry mass     Dry mass      Protein          RNA    Small mol     Expected
              (fg)  fold change  fold change  fold change  fold change  fold change
========  ========  ===========  ===========  ===========  ===========  ===========
  700.00    416.99        1.187        1.182        1.210        1.184        1.202
  702.00    417.19        1.188        1.183        1.211        1.185        1.202
  704.00    417.40        1.189        1.183        1.211        1.185        1.203
  706.00    417.60        1.189        1.184        1.212        1.186        1.204
  708.00    417.80        1.190        1.184        1.213        1.186        1.204
  710.00    418.00        1.190        1.185        1.213        1.187        1.205
  712.00    418.21        1.191        1.186        1.214        1.187        1.206
  714.00    418.41        1.191        1.186        1.214        1.188        1.206
  716.00    418.61        1.192        1.187        1.215        1.189        1.207
  718.00    418.82        1.193        1.187        1.216        1.189        1.207
  720.00    419.02        1.193        1.188        1.216        1.190        1.208
  722.00    419.22        1.194        1.188        1.217        1.190        1.209
  724.00    419.42        1.194        1.189        1.218        1.191        1.209
  726.00    419.62        1.195        1.190        1.218        1.191        1.210
  728.00    419.82        1.195        1.190        1.219        1.192        1.211
  730.00    420.02        1.196        1.191        1.219        1.192        1.211
  732.00    420.22        1.197        1.191        1.220        1.193        1.212
  734.00    420.43        1.197        1.192        1.221        1.194        1.213
  736.00    420.62        1.198        1.192        1.221        1.194        1.213
  738.00    420.82        1.198        1.193        1.222        1.195        1.214
  740.00    421.02        1.199        1.194        1.222        1.195        1.214
  742.00    421.22        1.199        1.194        1.223        1.196        1.215
  744.00    421.43        1.200        1.195        1.224        1.196        1.216
  746.00    421.63        1.201        1.195        1.224        1.197        1.216
  748.00    421.84        1.201        1.196        1.225        1.197        1.217
  750.00    422.04        1.202        1.197        1.225        1.198        1.218
  752.00    422.24        1.202        1.197        1.226        1.199        1.218
  754.00    422.44        1.203        1.198        1.227        1.199        1.219
  756.00    422.64        1.203        1.198        1.227        1.200        1.220
  758.00    422.85        1.204        1.199        1.228        1.200        1.220
  760.00    423.06        1.205        1.199        1.228        1.201        1.221
  762.00    423.26        1.205        1.200        1.229        1.201        1.221
  764.00    423.47        1.206        1.201        1.230        1.202        1.222
  766.00    423.68        1.206        1.201        1.230        1.203        1.223
  768.00    423.88        1.207        1.202        1.231        1.203        1.223
  770.00    424.09        1.208        1.202        1.232        1.204        1.224
  772.00    424.30        1.208        1.203        1.232        1.204        1.225
  774.00    424.51        1.209        1.203        1.233        1.205        1.225
  776.00    424.71        1.209        1.204        1.234        1.205        1.226
  778.00    424.92        1.210        1.205        1.234        1.206        1.227
  780.00    425.13        1.211        1.205        1.235        1.207        1.227
  782.00    425.33        1.211        1.206        1.236        1.207        1.228
  784.00    425.54        1.212        1.206        1.236        1.208        1.229
  786.00    425.75        1.212        1.207        1.237        1.208        1.229
  788.00    425.96        1.213        1.207        1.238        1.209        1.230
  790.00    426.17        1.214        1.208        1.238        1.210        1.230
  792.00    426.37        1.214        1.209        1.239        1.210        1.231
  794.00    426.58        1.215        1.209        1.239        1.211        1.232
  796.00    426.78        1.215        1.210        1.240        1.211        1.232
  798.00    426.98        1.216        1.210        1.241        1.212        1.233
========  ========  ===========  ===========  ===========  ===========  ===========
Time (s)  Dry mass     Dry mass      Protein          RNA    Small mol     Expected
              (fg)  fold change  fold change  fold change  fold change  fold change
========  ========  ===========  ===========  ===========  ===========  ===========
  800.00    427.19        1.216        1.211        1.241        1.213        1.234
  802.00    427.40        1.217        1.212        1.242        1.213        1.234
  804.00    427.60        1.218        1.212        1.243        1.214        1.235
  806.00    427.81        1.218        1.213        1.243        1.214        1.236
  808.00    428.02        1.219        1.213        1.244        1.215        1.236
  810.00    428.23        1.219        1.214        1.245        1.215        1.237
  812.00    428.43        1.220        1.214        1.245        1.216        1.238
  814.00    428.64        1.221        1.215        1.246        1.217        1.238
  816.00    428.85        1.221        1.216        1.246        1.217        1.239
  818.00    429.06        1.222        1.216        1.247        1.218        1.240
  820.00    429.27        1.222        1.217        1.248        1.218        1.240
  822.00    429.48        1.223        1.217        1.248        1.219        1.241
  824.00    429.68        1.224        1.218        1.249        1.220        1.242
  826.00    429.89        1.224        1.218        1.250        1.220        1.242
  828.00    430.10        1.225        1.219        1.250        1.221        1.243
  830.00    430.31        1.225        1.220        1.251        1.221        1.243
  832.00    430.51        1.226        1.220        1.251        1.222        1.244
  834.00    430.72        1.226        1.221        1.252        1.223        1.245
  836.00    430.93        1.227        1.221        1.253        1.223        1.245
  838.00    431.13        1.228        1.222        1.253        1.224        1.246
  840.00    431.34        1.228        1.222        1.254        1.224        1.247
  842.00    431.54        1.229        1.223        1.254        1.225        1.247
  844.00    431.75        1.229        1.224        1.255        1.226        1.248
  846.00    431.96        1.230        1.224        1.256        1.226        1.249
  848.00    432.17        1.231        1.225        1.256        1.227        1.249
  850.00    432.38        1.231        1.225        1.257        1.227        1.250

Simulation finished:
 - Sim length: 0:14:12
 - Sim end time: 0:14:12
 - Runtime: 0:02:02

